<?xml version="1.0" encoding="UTF-8"?>
<!-- Generated by org.testng.reporters.JUnitXMLReporter -->
<testsuite hostname="DESKTOP-R9PDO4C" ignored="0" name="Default test" tests="2" failures="0" timestamp="15 Nov 2017 06:10:10 GMT" time="0.068" errors="0">
  <testcase name="@BeforeTest prastartTest" time="0.0" classname="com.selenium.unittest.max.Registration">
    <failure type="org.testng.TestNGException" message="
Parameter &amp;apos;browser&amp;apos; is required by BeforeTest on method prastartTest but has not been marked @Optional or defined
in C:\Users\Syatria\AppData\Local\Temp\testng-eclipse--31126038\testng-customsuite.xml">
      <![CDATA[org.testng.TestNGException: 
Parameter 'browser' is required by BeforeTest on method prastartTest but has not been marked @Optional or defined
in C:\Users\Syatria\AppData\Local\Temp\testng-eclipse--31126038\testng-customsuite.xml
	at org.testng.internal.Parameters.createParams(Parameters.java:248)
	at org.testng.internal.Parameters.createParametersForMethod(Parameters.java:286)
	at org.testng.internal.Parameters.createParameters(Parameters.java:547)
	at org.testng.internal.Parameters.createConfigurationParameters(Parameters.java:150)
	at org.testng.internal.Invoker.invokeConfigurations(Invoker.java:206)
	at org.testng.internal.Invoker.invokeConfigurations(Invoker.java:146)
	at org.testng.TestRunner.beforeRun(TestRunner.java:658)
	at org.testng.TestRunner.run(TestRunner.java:626)
	at org.testng.SuiteRunner.runTest(SuiteRunner.java:425)
	at org.testng.SuiteRunner.runSequentially(SuiteRunner.java:420)
	at org.testng.SuiteRunner.privateRun(SuiteRunner.java:385)
	at org.testng.SuiteRunner.run(SuiteRunner.java:334)
	at org.testng.SuiteRunnerWorker.runSuite(SuiteRunnerWorker.java:52)
	at org.testng.SuiteRunnerWorker.run(SuiteRunnerWorker.java:86)
	at org.testng.TestNG.runSuitesSequentially(TestNG.java:1318)
	at org.testng.TestNG.runSuitesLocally(TestNG.java:1243)
	at org.testng.TestNG.runSuites(TestNG.java:1161)
	at org.testng.TestNG.run(TestNG.java:1129)
	at org.testng.remote.AbstractRemoteTestNG.run(AbstractRemoteTestNG.java:114)
	at org.testng.remote.RemoteTestNG.initAndRun(RemoteTestNG.java:251)
	at org.testng.remote.RemoteTestNG.main(RemoteTestNG.java:77)
]]>
    </failure>
  </testcase> <!-- @BeforeTest prastartTest -->
  <testcase name="@BeforeMethod beforeMethod" time="0.0" classname="com.selenium.unittest.max.Registration">
    <skipped/>
  </testcase> <!-- @BeforeMethod beforeMethod -->
  <testcase name="@BeforeMethod beforeMethod" time="0.0" classname="com.selenium.unittest.max.Registration">
    <skipped/>
  </testcase> <!-- @BeforeMethod beforeMethod -->
  <testcase name="@AfterTest getResult" time="0.0" classname="com.selenium.unittest.max.Registration">
    <skipped/>
  </testcase> <!-- @AfterTest getResult -->
  <testcase name="emptyFirstname" time="0.0" classname="com.selenium.unittest.max.Registration">
    <skipped/>
  </testcase> <!-- emptyFirstname -->
  <testcase name="emptyLastname" time="0.0" classname="com.selenium.unittest.max.Registration">
    <skipped/>
  </testcase> <!-- emptyLastname -->
</testsuite> <!-- Default test -->
