<?xml version="1.0" encoding="UTF-8"?>
<!-- Generated by org.testng.reporters.JUnitXMLReporter -->
<testsuite hostname="DESKTOP-R9PDO4C" ignored="0" name="ie" tests="9" failures="0" timestamp="15 Nov 2017 16:50:57 GMT" time="5.949" errors="0">
  <testcase name="@BeforeTest beforeTest" time="5.866" classname="com.selenium.unittest.max.UpdateProfile">
    <failure type="org.openqa.selenium.NoSuchElementException" message="Unable to find element with xpath == //*[@id=&amp;quot;navbar-collapse&amp;quot;]/ul/li[2]/a
For documentation on this error, please visit: http://seleniumhq.org/exceptions/no_such_element.html
Build info: version: &amp;apos;3.7.1&amp;apos;, revision: &amp;apos;8a0099a&amp;apos;, time: &amp;apos;2017-11-06T21:01:39.354Z&amp;apos;
System info: host: &amp;apos;DESKTOP-R9PDO4C&amp;apos;, ip: &amp;apos;192.168.203.1&amp;apos;, os.name: &amp;apos;Windows 10&amp;apos;, os.arch: &amp;apos;amd64&amp;apos;, os.version: &amp;apos;10.0&amp;apos;, java.version: &amp;apos;1.8.0_151&amp;apos;
Driver info: org.openqa.selenium.ie.InternetExplorerDriver
Capabilities {acceptInsecureCerts: false, browserName: internet explorer, browserVersion: 11, javascriptEnabled: true, pageLoadStrategy: normal, platform: WINDOWS, platformName: WINDOWS, proxy: Proxy(), se:ieOptions: {browserAttachTimeout: 0, elementScrollBehavior: 0, enablePersistentHover: true, ie.browserCommandLineSwitches: , ie.ensureCleanSession: false, ie.fileUploadDialogTimeout: 3000, ie.forceCreateProcessApi: false, ignoreProtectedModeSettings: false, ignoreZoomSetting: false, initialBrowserUrl: http://localhost:29660/, nativeEvents: true, requireWindowFocus: false}, setWindowRect: true, timeouts: {implicit: 0, pageLoad: 300000, script: 30000}}
Session ID: 49c782fe-eef3-41fd-8076-3f5bb0dfa855
*** Element info: {Using=xpath, value=//*[@id=&amp;quot;navbar-collapse&amp;quot;]/ul/li[2]/a}">
      <![CDATA[org.openqa.selenium.NoSuchElementException: Unable to find element with xpath == //*[@id="navbar-collapse"]/ul/li[2]/a
For documentation on this error, please visit: http://seleniumhq.org/exceptions/no_such_element.html
Build info: version: '3.7.1', revision: '8a0099a', time: '2017-11-06T21:01:39.354Z'
System info: host: 'DESKTOP-R9PDO4C', ip: '192.168.203.1', os.name: 'Windows 10', os.arch: 'amd64', os.version: '10.0', java.version: '1.8.0_151'
Driver info: org.openqa.selenium.ie.InternetExplorerDriver
Capabilities {acceptInsecureCerts: false, browserName: internet explorer, browserVersion: 11, javascriptEnabled: true, pageLoadStrategy: normal, platform: WINDOWS, platformName: WINDOWS, proxy: Proxy(), se:ieOptions: {browserAttachTimeout: 0, elementScrollBehavior: 0, enablePersistentHover: true, ie.browserCommandLineSwitches: , ie.ensureCleanSession: false, ie.fileUploadDialogTimeout: 3000, ie.forceCreateProcessApi: false, ignoreProtectedModeSettings: false, ignoreZoomSetting: false, initialBrowserUrl: http://localhost:29660/, nativeEvents: true, requireWindowFocus: false}, setWindowRect: true, timeouts: {implicit: 0, pageLoad: 300000, script: 30000}}
Session ID: 49c782fe-eef3-41fd-8076-3f5bb0dfa855
*** Element info: {Using=xpath, value=//*[@id="navbar-collapse"]/ul/li[2]/a}
	at org.openqa.selenium.remote.http.W3CHttpResponseCodec.createException(W3CHttpResponseCodec.java:187)
	at org.openqa.selenium.remote.http.W3CHttpResponseCodec.decode(W3CHttpResponseCodec.java:122)
	at org.openqa.selenium.remote.http.W3CHttpResponseCodec.decode(W3CHttpResponseCodec.java:49)
	at org.openqa.selenium.remote.HttpCommandExecutor.execute(HttpCommandExecutor.java:164)
	at org.openqa.selenium.remote.service.DriverCommandExecutor.execute(DriverCommandExecutor.java:83)
	at org.openqa.selenium.remote.RemoteWebDriver.execute(RemoteWebDriver.java:600)
	at org.openqa.selenium.remote.RemoteWebDriver.findElement(RemoteWebDriver.java:370)
	at org.openqa.selenium.remote.RemoteWebDriver.findElementByXPath(RemoteWebDriver.java:472)
	at org.openqa.selenium.By$ByXPath.findElement(By.java:361)
	at org.openqa.selenium.remote.RemoteWebDriver.findElement(RemoteWebDriver.java:362)
	at com.selenium.unittest.max.UpdateProfile.beforeTest(UpdateProfile.java:103)
... Removed 27 stack frames]]>
    </failure>
  </testcase> <!-- @BeforeTest beforeTest -->
  <testcase name="@BeforeMethod beforeMethod" time="0.0" classname="com.selenium.unittest.max.UpdateProfile">
    <skipped/>
  </testcase> <!-- @BeforeMethod beforeMethod -->
  <testcase name="@BeforeMethod beforeMethod" time="0.0" classname="com.selenium.unittest.max.UpdateProfile">
    <skipped/>
  </testcase> <!-- @BeforeMethod beforeMethod -->
  <testcase name="@BeforeMethod beforeMethod" time="0.0" classname="com.selenium.unittest.max.UpdateProfile">
    <skipped/>
  </testcase> <!-- @BeforeMethod beforeMethod -->
  <testcase name="@BeforeMethod beforeMethod" time="0.0" classname="com.selenium.unittest.max.UpdateProfile">
    <skipped/>
  </testcase> <!-- @BeforeMethod beforeMethod -->
  <testcase name="@BeforeMethod beforeMethod" time="0.0" classname="com.selenium.unittest.max.UpdateProfile">
    <skipped/>
  </testcase> <!-- @BeforeMethod beforeMethod -->
  <testcase name="@BeforeMethod beforeMethod" time="0.0" classname="com.selenium.unittest.max.UpdateProfile">
    <skipped/>
  </testcase> <!-- @BeforeMethod beforeMethod -->
  <testcase name="@BeforeMethod beforeMethod" time="0.0" classname="com.selenium.unittest.max.UpdateProfile">
    <skipped/>
  </testcase> <!-- @BeforeMethod beforeMethod -->
  <testcase name="@BeforeMethod beforeMethod" time="0.0" classname="com.selenium.unittest.max.UpdateProfile">
    <skipped/>
  </testcase> <!-- @BeforeMethod beforeMethod -->
  <testcase name="@BeforeMethod beforeMethod" time="0.0" classname="com.selenium.unittest.max.UpdateProfile">
    <skipped/>
  </testcase> <!-- @BeforeMethod beforeMethod -->
  <testcase name="@AfterTest getResult" time="0.0" classname="com.selenium.unittest.max.UpdateProfile">
    <skipped/>
  </testcase> <!-- @AfterTest getResult -->
  <testcase name="emptyEmail" time="0.001" classname="com.selenium.unittest.max.UpdateProfile">
    <skipped/>
  </testcase> <!-- emptyEmail -->
  <testcase name="inValidEmail" time="0.0" classname="com.selenium.unittest.max.UpdateProfile">
    <skipped/>
  </testcase> <!-- inValidEmail -->
  <testcase name="emptyNophones" time="0.0" classname="com.selenium.unittest.max.UpdateProfile">
    <skipped/>
  </testcase> <!-- emptyNophones -->
  <testcase name="inValidNophones" time="0.0" classname="com.selenium.unittest.max.UpdateProfile">
    <skipped/>
  </testcase> <!-- inValidNophones -->
  <testcase name="emptyFirstname" time="0.0" classname="com.selenium.unittest.max.UpdateProfile">
    <skipped/>
  </testcase> <!-- emptyFirstname -->
  <testcase name="emptyLastname" time="0.0" classname="com.selenium.unittest.max.UpdateProfile">
    <skipped/>
  </testcase> <!-- emptyLastname -->
  <testcase name="emptyAddress" time="0.002" classname="com.selenium.unittest.max.UpdateProfile">
    <skipped/>
  </testcase> <!-- emptyAddress -->
  <testcase name="emptyOrganization" time="0.0" classname="com.selenium.unittest.max.UpdateProfile">
    <skipped/>
  </testcase> <!-- emptyOrganization -->
  <testcase name="emptySelectCountry" time="0.0" classname="com.selenium.unittest.max.UpdateProfile">
    <skipped/>
  </testcase> <!-- emptySelectCountry -->
</testsuite> <!-- ie -->
