<?xml version="1.0" encoding="UTF-8"?>
<testng-results skipped="0" failed="2" ignored="6" total="8" passed="0">
  <reporter-output>
  </reporter-output>
  <suite name="Test - Suite" duration-ms="28035" started-at="2017-11-17T06:43:14Z" finished-at="2017-11-17T06:43:42Z">
    <groups>
    </groups>
    <test name="chrome" duration-ms="22526" started-at="2017-11-17T06:43:14Z" finished-at="2017-11-17T06:43:37Z">
      <class name="com.selenium.unittest.max.Dictionary">
        <test-method status="PASS" signature="beforeTest(java.lang.String)[pri:0, instance:com.selenium.unittest.max.Dictionary@5bcab519]" name="beforeTest" is-config="true" duration-ms="19742" started-at="2017-11-17T13:43:14Z" finished-at="2017-11-17T13:43:34Z">
          <params>
            <param index="0">
              <value>
                <![CDATA[chrome]]>
              </value>
            </param>
          </params>
          <reporter-output>
          </reporter-output>
        </test-method> <!-- beforeTest -->
        <test-method status="PASS" signature="beforeMethod()[pri:0, instance:com.selenium.unittest.max.Dictionary@5bcab519]" name="beforeMethod" is-config="true" duration-ms="546" started-at="2017-11-17T13:43:34Z" finished-at="2017-11-17T13:43:34Z">
          <reporter-output>
          </reporter-output>
        </test-method> <!-- beforeMethod -->
        <test-method status="FAIL" signature="deleteDictionary()[pri:0, instance:com.selenium.unittest.max.Dictionary@5bcab519]" name="deleteDictionary" duration-ms="585" started-at="2017-11-17T13:43:34Z" finished-at="2017-11-17T13:43:35Z">
          <exception class="java.lang.AssertionError">
            <message>
              <![CDATA[element not visible
  (Session info: chrome=62.0.3202.94)
  (Driver info: chromedriver=2.33.506120 (e3e53437346286c0bc2d2dc9aa4915ba81d9023f),platform=Windows NT 10.0.15063 x86_64) (WARNING: The server did not provide any stacktrace information)
Command duration or timeout: 0 milliseconds
Build info: version: '3.7.1', revision: '8a0099a', time: '2017-11-06T21:01:39.354Z'
System info: host: 'DESKTOP-R9PDO4C', ip: '192.168.203.1', os.name: 'Windows 10', os.arch: 'amd64', os.version: '10.0', java.version: '1.8.0_151'
Driver info: org.openqa.selenium.chrome.ChromeDriver
Capabilities {acceptSslCerts: true, applicationCacheEnabled: false, browserConnectionEnabled: false, browserName: chrome, chrome: {chromedriverVersion: 2.33.506120 (e3e53437346286..., userDataDir: C:\Users\Syatria\AppData\Lo...}, cssSelectorsEnabled: true, databaseEnabled: false, handlesAlerts: true, hasTouchScreen: false, javascriptEnabled: true, locationContextEnabled: true, mobileEmulationEnabled: false, nativeEvents: true, networkConnectionEnabled: false, pageLoadStrategy: normal, platform: XP, platformName: XP, rotatable: false, setWindowRect: true, takesHeapSnapshot: true, takesScreenshot: true, unexpectedAlertBehaviour: , unhandledPromptBehavior: , version: 62.0.3202.94, webStorageEnabled: true}
Session ID: 6d3fb2ddd5f43dcba093e363ae711745]]>
            </message>
            <full-stacktrace>
              <![CDATA[java.lang.AssertionError: element not visible
  (Session info: chrome=62.0.3202.94)
  (Driver info: chromedriver=2.33.506120 (e3e53437346286c0bc2d2dc9aa4915ba81d9023f),platform=Windows NT 10.0.15063 x86_64) (WARNING: The server did not provide any stacktrace information)
Command duration or timeout: 0 milliseconds
Build info: version: '3.7.1', revision: '8a0099a', time: '2017-11-06T21:01:39.354Z'
System info: host: 'DESKTOP-R9PDO4C', ip: '192.168.203.1', os.name: 'Windows 10', os.arch: 'amd64', os.version: '10.0', java.version: '1.8.0_151'
Driver info: org.openqa.selenium.chrome.ChromeDriver
Capabilities {acceptSslCerts: true, applicationCacheEnabled: false, browserConnectionEnabled: false, browserName: chrome, chrome: {chromedriverVersion: 2.33.506120 (e3e53437346286..., userDataDir: C:\Users\Syatria\AppData\Lo...}, cssSelectorsEnabled: true, databaseEnabled: false, handlesAlerts: true, hasTouchScreen: false, javascriptEnabled: true, locationContextEnabled: true, mobileEmulationEnabled: false, nativeEvents: true, networkConnectionEnabled: false, pageLoadStrategy: normal, platform: XP, platformName: XP, rotatable: false, setWindowRect: true, takesHeapSnapshot: true, takesScreenshot: true, unexpectedAlertBehaviour: , unhandledPromptBehavior: , version: 62.0.3202.94, webStorageEnabled: true}
Session ID: 6d3fb2ddd5f43dcba093e363ae711745
	at org.testng.Assert.fail(Assert.java:93)
	at com.selenium.unittest.max.Dictionary.deleteDictionary(Dictionary.java:225)
	at sun.reflect.NativeMethodAccessorImpl.invoke0(Native Method)
	at sun.reflect.NativeMethodAccessorImpl.invoke(Unknown Source)
	at sun.reflect.DelegatingMethodAccessorImpl.invoke(Unknown Source)
	at java.lang.reflect.Method.invoke(Unknown Source)
	at org.testng.internal.MethodInvocationHelper.invokeMethod(MethodInvocationHelper.java:108)
	at org.testng.internal.Invoker.invokeMethod(Invoker.java:669)
	at org.testng.internal.Invoker.invokeTestMethod(Invoker.java:877)
	at org.testng.internal.Invoker.invokeTestMethods(Invoker.java:1201)
	at org.testng.internal.TestMethodWorker.invokeTestMethods(TestMethodWorker.java:125)
	at org.testng.internal.TestMethodWorker.run(TestMethodWorker.java:109)
	at java.util.concurrent.ThreadPoolExecutor.runWorker(Unknown Source)
	at java.util.concurrent.ThreadPoolExecutor$Worker.run(Unknown Source)
	at java.lang.Thread.run(Unknown Source)
]]>
            </full-stacktrace>
          </exception> <!-- java.lang.AssertionError -->
          <reporter-output>
          </reporter-output>
        </test-method> <!-- deleteDictionary -->
        <test-method status="PASS" signature="getResult(java.lang.String)[pri:0, instance:com.selenium.unittest.max.Dictionary@5bcab519]" name="getResult" is-config="true" duration-ms="1610" started-at="2017-11-17T13:43:35Z" finished-at="2017-11-17T13:43:37Z">
          <params>
            <param index="0">
              <value>
                <![CDATA[chrome]]>
              </value>
            </param>
          </params>
          <reporter-output>
          </reporter-output>
        </test-method> <!-- getResult -->
      </class> <!-- com.selenium.unittest.max.Dictionary -->
    </test> <!-- chrome -->
    <test name="firefox" duration-ms="28035" started-at="2017-11-17T06:43:14Z" finished-at="2017-11-17T06:43:42Z">
      <class name="com.selenium.unittest.max.Dictionary">
        <test-method status="PASS" signature="beforeTest(java.lang.String)[pri:0, instance:com.selenium.unittest.max.Dictionary@77cd7a0]" name="beforeTest" is-config="true" duration-ms="20680" started-at="2017-11-17T13:43:14Z" finished-at="2017-11-17T13:43:35Z">
          <params>
            <param index="0">
              <value>
                <![CDATA[firefox]]>
              </value>
            </param>
          </params>
          <reporter-output>
          </reporter-output>
        </test-method> <!-- beforeTest -->
        <test-method status="PASS" signature="beforeMethod()[pri:0, instance:com.selenium.unittest.max.Dictionary@77cd7a0]" name="beforeMethod" is-config="true" duration-ms="889" started-at="2017-11-17T13:43:35Z" finished-at="2017-11-17T13:43:36Z">
          <reporter-output>
          </reporter-output>
        </test-method> <!-- beforeMethod -->
        <test-method status="FAIL" signature="deleteDictionary()[pri:0, instance:com.selenium.unittest.max.Dictionary@77cd7a0]" name="deleteDictionary" duration-ms="5955" started-at="2017-11-17T13:43:36Z" finished-at="2017-11-17T13:43:42Z">
          <exception class="java.lang.AssertionError">
            <message>
              <![CDATA[expected [true] but found [false]]]>
            </message>
            <full-stacktrace>
              <![CDATA[java.lang.AssertionError: expected [true] but found [false]
	at org.testng.Assert.fail(Assert.java:93)
	at org.testng.Assert.failNotEquals(Assert.java:512)
	at org.testng.Assert.assertTrue(Assert.java:41)
	at org.testng.Assert.assertTrue(Assert.java:51)
	at com.selenium.unittest.max.Dictionary.deleteDictionary(Dictionary.java:221)
	at sun.reflect.NativeMethodAccessorImpl.invoke0(Native Method)
	at sun.reflect.NativeMethodAccessorImpl.invoke(Unknown Source)
	at sun.reflect.DelegatingMethodAccessorImpl.invoke(Unknown Source)
	at java.lang.reflect.Method.invoke(Unknown Source)
	at org.testng.internal.MethodInvocationHelper.invokeMethod(MethodInvocationHelper.java:108)
	at org.testng.internal.Invoker.invokeMethod(Invoker.java:669)
	at org.testng.internal.Invoker.invokeTestMethod(Invoker.java:877)
	at org.testng.internal.Invoker.invokeTestMethods(Invoker.java:1201)
	at org.testng.internal.TestMethodWorker.invokeTestMethods(TestMethodWorker.java:125)
	at org.testng.internal.TestMethodWorker.run(TestMethodWorker.java:109)
	at java.util.concurrent.ThreadPoolExecutor.runWorker(Unknown Source)
	at java.util.concurrent.ThreadPoolExecutor$Worker.run(Unknown Source)
	at java.lang.Thread.run(Unknown Source)
]]>
            </full-stacktrace>
          </exception> <!-- java.lang.AssertionError -->
          <reporter-output>
          </reporter-output>
        </test-method> <!-- deleteDictionary -->
        <test-method status="PASS" signature="getResult(java.lang.String)[pri:0, instance:com.selenium.unittest.max.Dictionary@77cd7a0]" name="getResult" is-config="true" duration-ms="494" started-at="2017-11-17T13:43:42Z" finished-at="2017-11-17T13:43:42Z">
          <params>
            <param index="0">
              <value>
                <![CDATA[firefox]]>
              </value>
            </param>
          </params>
          <reporter-output>
          </reporter-output>
        </test-method> <!-- getResult -->
      </class> <!-- com.selenium.unittest.max.Dictionary -->
    </test> <!-- firefox -->
  </suite> <!-- Test - Suite -->
</testng-results>
